Thu Feb 22 04:32:24 AEDT 2024
Error not found: Segmentation fault: address not mapped to object
Error not found: Segmentation fault: invalid permissions for mapped object
Error not found: Transport retry count exceeded
Error not found: atmosphere/input.nml
Error not found: ORTE has lost communication with a remote daemon
Error not found: MPI_ERRORS_ARE_FATAL
Error not eligible for resubmission
Mon Feb 26 15:18:27 AEDT 2024
Error not found: Segmentation fault: address not mapped to object
Error not found: Segmentation fault: invalid permissions for mapped object
Error not found: Transport retry count exceeded
Error not found: atmosphere/input.nml
Error not found: ORTE has lost communication with a remote daemon
Error not found: MPI_ERRORS_ARE_FATAL
Error not eligible for resubmission
Mon Mar  4 20:41:33 AEDT 2024
Error not found: Segmentation fault: address not mapped to object
Error not found: Segmentation fault: invalid permissions for mapped object
Error not found: Transport retry count exceeded
Error not found: atmosphere/input.nml
Error not found: ORTE has lost communication with a remote daemon
Error not found: MPI_ERRORS_ARE_FATAL
Error not eligible for resubmission
Tue Mar  5 23:50:01 AEDT 2024
Error not found: Segmentation fault: address not mapped to object
Error not found: Segmentation fault: invalid permissions for mapped object
Error not found: Transport retry count exceeded
Error not found: atmosphere/input.nml
Error not found: ORTE has lost communication with a remote daemon
Error not found: MPI_ERRORS_ARE_FATAL
Error not eligible for resubmission
Sun Mar 10 08:21:53 AEDT 2024
Error not found: Segmentation fault: address not mapped to object
Error not found: Segmentation fault: invalid permissions for mapped object
Error not found: Transport retry count exceeded
Error not found: atmosphere/input.nml
Error not found: ORTE has lost communication with a remote daemon
Error not found: MPI_ERRORS_ARE_FATAL
Error not eligible for resubmission
Mon Mar 11 10:02:21 AEDT 2024
Error not found: Segmentation fault: address not mapped to object
Error not found: Segmentation fault: invalid permissions for mapped object
Error not found: Transport retry count exceeded
Error not found: atmosphere/input.nml
Error not found: ORTE has lost communication with a remote daemon
Error not found: MPI_ERRORS_ARE_FATAL
Error not eligible for resubmission
