Thu Jul 25 17:15:57 AEST 2024
Error not found: Segmentation fault: address not mapped to object
Error not found: Segmentation fault: invalid permissions for mapped object
Error not found: Transport retry count exceeded
Error not found: atmosphere/input.nml
Error not found: ORTE has lost communication with a remote daemon
Error not found: MPI_ERRORS_ARE_FATAL
Error not eligible for resubmission
Sun Jan  5 11:08:31 AEDT 2025
Error not found: Segmentation fault: address not mapped to object
Error not found: Segmentation fault: invalid permissions for mapped object
Error not found: Transport retry count exceeded
Error not found: atmosphere/input.nml
Error not found: ORTE has lost communication with a remote daemon
Error not found: MPI_ERRORS_ARE_FATAL
Error not eligible for resubmission
Mon Jan  6 18:09:24 AEDT 2025
Error not found: Segmentation fault: address not mapped to object
Error not found: Segmentation fault: invalid permissions for mapped object
Error not found: Transport retry count exceeded
Error not found: atmosphere/input.nml
Error not found: ORTE has lost communication with a remote daemon
Error not found: MPI_ERRORS_ARE_FATAL
Error not eligible for resubmission
Mon Jan  6 20:38:01 AEDT 2025
Error not found: Segmentation fault: address not mapped to object
Error not found: Segmentation fault: invalid permissions for mapped object
Error not found: Transport retry count exceeded
Error not found: atmosphere/input.nml
Error not found: ORTE has lost communication with a remote daemon
Error not found: MPI_ERRORS_ARE_FATAL
Error not eligible for resubmission
Tue Jan  7 17:18:39 AEDT 2025
Error not found: Segmentation fault: address not mapped to object
Error not found: Segmentation fault: invalid permissions for mapped object
Error not found: Transport retry count exceeded
Error not found: atmosphere/input.nml
Error not found: ORTE has lost communication with a remote daemon
Error not found: MPI_ERRORS_ARE_FATAL
Error not eligible for resubmission
Wed Jan  8 00:08:39 AEDT 2025
Error not found: Segmentation fault: address not mapped to object
Error not found: Segmentation fault: invalid permissions for mapped object
Error not found: Transport retry count exceeded
Error not found: atmosphere/input.nml
Error not found: ORTE has lost communication with a remote daemon
Error not found: MPI_ERRORS_ARE_FATAL
Error not eligible for resubmission
Wed Jan  8 14:35:20 AEDT 2025
Error found: Segmentation fault: address not mapped to object
Reset resubmission counter
Resubmission counter: 5
laboratory path:  /scratch/nm03/ab8992/mom6
binary path:  /scratch/nm03/ab8992/mom6/bin
input path:  /scratch/nm03/ab8992/mom6/input
work path:  /scratch/nm03/ab8992/mom6/work
archive path:  /scratch/nm03/ab8992/mom6/archive
Removing work path /scratch/nm03/ab8992/mom6/work/full-10
Removing symlink /home/149/ab8992/tasman-tides/rundirs/full-10/work

Wed Jan  8 14:38:16 AEDT 2025
Error not found: Segmentation fault: address not mapped to object
Error not found: Segmentation fault: invalid permissions for mapped object
Error not found: Transport retry count exceeded
Error not found: atmosphere/input.nml
Error not found: ORTE has lost communication with a remote daemon
Error not found: MPI_ERRORS_ARE_FATAL
Error not eligible for resubmission
Wed Jan  8 14:43:11 AEDT 2025
Error not found: Segmentation fault: address not mapped to object
Error not found: Segmentation fault: invalid permissions for mapped object
Error not found: Transport retry count exceeded
Error not found: atmosphere/input.nml
Error not found: ORTE has lost communication with a remote daemon
Error not found: MPI_ERRORS_ARE_FATAL
Error not eligible for resubmission
Wed Jan  8 14:45:31 AEDT 2025
Error not found: Segmentation fault: address not mapped to object
Error not found: Segmentation fault: invalid permissions for mapped object
Error not found: Transport retry count exceeded
Error not found: atmosphere/input.nml
Error not found: ORTE has lost communication with a remote daemon
Error not found: MPI_ERRORS_ARE_FATAL
Error not eligible for resubmission
Wed Jan  8 14:46:43 AEDT 2025
Error not found: Segmentation fault: address not mapped to object
Error not found: Segmentation fault: invalid permissions for mapped object
Error not found: Transport retry count exceeded
Error not found: atmosphere/input.nml
Error not found: ORTE has lost communication with a remote daemon
Error not found: MPI_ERRORS_ARE_FATAL
Error not eligible for resubmission
Wed Jan  8 14:48:37 AEDT 2025
Error not found: Segmentation fault: address not mapped to object
Error not found: Segmentation fault: invalid permissions for mapped object
Error not found: Transport retry count exceeded
Error not found: atmosphere/input.nml
Error not found: ORTE has lost communication with a remote daemon
Error not found: MPI_ERRORS_ARE_FATAL
Error not eligible for resubmission
Wed Jan  8 14:56:35 AEDT 2025
Error not found: Segmentation fault: address not mapped to object
Error not found: Segmentation fault: invalid permissions for mapped object
Error not found: Transport retry count exceeded
Error not found: atmosphere/input.nml
Error not found: ORTE has lost communication with a remote daemon
Error not found: MPI_ERRORS_ARE_FATAL
Error not eligible for resubmission
Wed Jan  8 15:04:05 AEDT 2025
Error not found: Segmentation fault: address not mapped to object
Error not found: Segmentation fault: invalid permissions for mapped object
Error not found: Transport retry count exceeded
Error not found: atmosphere/input.nml
Error not found: ORTE has lost communication with a remote daemon
Error not found: MPI_ERRORS_ARE_FATAL
Error not eligible for resubmission
Wed Jan  8 15:43:49 AEDT 2025
Error not found: Segmentation fault: address not mapped to object
Error not found: Segmentation fault: invalid permissions for mapped object
Error not found: Transport retry count exceeded
Error not found: atmosphere/input.nml
Error not found: ORTE has lost communication with a remote daemon
Error not found: MPI_ERRORS_ARE_FATAL
Error not eligible for resubmission
Wed Jan  8 15:47:08 AEDT 2025
Error not found: Segmentation fault: address not mapped to object
Error not found: Segmentation fault: invalid permissions for mapped object
Error not found: Transport retry count exceeded
Error not found: atmosphere/input.nml
Error not found: ORTE has lost communication with a remote daemon
Error not found: MPI_ERRORS_ARE_FATAL
Error not eligible for resubmission
Wed Jan  8 15:50:32 AEDT 2025
Error not found: Segmentation fault: address not mapped to object
Error not found: Segmentation fault: invalid permissions for mapped object
Error not found: Transport retry count exceeded
Error not found: atmosphere/input.nml
Error not found: ORTE has lost communication with a remote daemon
Error not found: MPI_ERRORS_ARE_FATAL
Error not eligible for resubmission
Wed Jan  8 15:53:59 AEDT 2025
Error not found: Segmentation fault: address not mapped to object
Error not found: Segmentation fault: invalid permissions for mapped object
Error not found: Transport retry count exceeded
Error not found: atmosphere/input.nml
Error not found: ORTE has lost communication with a remote daemon
Error not found: MPI_ERRORS_ARE_FATAL
Error not eligible for resubmission
Wed Jan  8 16:23:34 AEDT 2025
Error found: Segmentation fault: address not mapped to object
Resubmission counter: 4
laboratory path:  /scratch/nm03/ab8992/mom6
binary path:  /scratch/nm03/ab8992/mom6/bin
input path:  /scratch/nm03/ab8992/mom6/input
work path:  /scratch/nm03/ab8992/mom6/work
archive path:  /scratch/nm03/ab8992/mom6/archive
Removing work path /scratch/nm03/ab8992/mom6/work/full-10
Removing symlink /home/149/ab8992/tasman-tides/rundirs/full-10/work
132004134.gadi-pbs
payu: warning: Job request includes 42 unused CPUs.
payu: warning: CPU request increased from 822 to 864
Loading input manifest: manifests/input.yaml
Loading restart manifest: manifests/restart.yaml
Loading exe manifest: manifests/exe.yaml
payu: Found modules in /opt/Modules/v4.3.0
qsub -q normal -P nm03 -l walltime=05:00:00 -l ncpus=864 -l mem=3456GB -l jobfs=10GB -N full-10 -l wd -j n -v PAYU_PATH=/g/data/hh5/public/apps/miniconda3/envs/analysis3-24.04/bin,PAYU_N_RUNS=1,MODULESHOME=/opt/Modules/v4.3.0,MODULES_CMD=/opt/Modules/v4.3.0/libexec/modulecmd.tcl,MODULEPATH=/g/data/hh5/public/modules:/etc/scl/modulefiles:/opt/Modules/modulefiles:/opt/Modules/v4.3.0/modulefiles:/apps/Modules/modulefiles -l storage=gdata/hh5+gdata/ik11+gdata/nm03+gdata/ua8+gdata/v45+gdata/x77+scratch/nm03 -- /g/data/hh5/public/apps/miniconda3/envs/analysis3-24.04/bin/python3.10 /g/data/hh5/public/apps/miniconda3/envs/analysis3-24.04/bin/payu-run

Wed Jan  8 16:24:11 AEDT 2025
Error found: Segmentation fault: address not mapped to object
Resubmission counter: 3
laboratory path:  /scratch/nm03/ab8992/mom6
binary path:  /scratch/nm03/ab8992/mom6/bin
input path:  /scratch/nm03/ab8992/mom6/input
work path:  /scratch/nm03/ab8992/mom6/work
archive path:  /scratch/nm03/ab8992/mom6/archive
Moving log full-10.o132004128
Moving log full-10.e132004128
Removing work path /scratch/nm03/ab8992/mom6/work/full-10
Removing symlink /home/149/ab8992/tasman-tides/rundirs/full-10/work
132004139.gadi-pbs
payu: warning: Job request includes 42 unused CPUs.
payu: warning: CPU request increased from 822 to 864
Loading input manifest: manifests/input.yaml
Loading restart manifest: manifests/restart.yaml
Loading exe manifest: manifests/exe.yaml
payu: Found modules in /opt/Modules/v4.3.0
qsub -q normal -P nm03 -l walltime=05:00:00 -l ncpus=864 -l mem=3456GB -l jobfs=10GB -N full-10 -l wd -j n -v PAYU_PATH=/g/data/hh5/public/apps/miniconda3/envs/analysis3-24.04/bin,PAYU_N_RUNS=1,MODULESHOME=/opt/Modules/v4.3.0,MODULES_CMD=/opt/Modules/v4.3.0/libexec/modulecmd.tcl,MODULEPATH=/g/data/hh5/public/modules:/etc/scl/modulefiles:/opt/Modules/modulefiles:/opt/Modules/v4.3.0/modulefiles:/apps/Modules/modulefiles -l storage=gdata/hh5+gdata/ik11+gdata/nm03+gdata/ua8+gdata/v45+gdata/x77+scratch/nm03 -- /g/data/hh5/public/apps/miniconda3/envs/analysis3-24.04/bin/python3.10 /g/data/hh5/public/apps/miniconda3/envs/analysis3-24.04/bin/payu-run

Wed Jan  8 16:24:46 AEDT 2025
Error not found: Segmentation fault: address not mapped to object
Error not found: Segmentation fault: invalid permissions for mapped object
Error not found: Transport retry count exceeded
Error not found: atmosphere/input.nml
Error not found: ORTE has lost communication with a remote daemon
Error not found: MPI_ERRORS_ARE_FATAL
Error not eligible for resubmission
Wed Jan  8 16:29:39 AEDT 2025
Error not found: Segmentation fault: address not mapped to object
Error not found: Segmentation fault: invalid permissions for mapped object
Error not found: Transport retry count exceeded
Error not found: atmosphere/input.nml
Error not found: ORTE has lost communication with a remote daemon
Error not found: MPI_ERRORS_ARE_FATAL
Error not eligible for resubmission
Wed Jan  8 16:36:50 AEDT 2025
Error found: Segmentation fault: address not mapped to object
Resubmission counter: 2
laboratory path:  /scratch/nm03/ab8992/mom6
binary path:  /scratch/nm03/ab8992/mom6/bin
input path:  /scratch/nm03/ab8992/mom6/input
work path:  /scratch/nm03/ab8992/mom6/work
archive path:  /scratch/nm03/ab8992/mom6/archive
Removing work path /scratch/nm03/ab8992/mom6/work/full-10
Removing symlink /home/149/ab8992/tasman-tides/rundirs/full-10/work
132004425.gadi-pbs
payu: warning: Job request includes 42 unused CPUs.
payu: warning: CPU request increased from 822 to 864
Loading input manifest: manifests/input.yaml
Loading restart manifest: manifests/restart.yaml
Loading exe manifest: manifests/exe.yaml
payu: Found modules in /opt/Modules/v4.3.0
qsub -q normal -P nm03 -l walltime=05:00:00 -l ncpus=864 -l mem=3456GB -l jobfs=10GB -N full-10 -l wd -j n -v PAYU_PATH=/g/data/hh5/public/apps/miniconda3/envs/analysis3-24.04/bin,PAYU_N_RUNS=1,MODULESHOME=/opt/Modules/v4.3.0,MODULES_CMD=/opt/Modules/v4.3.0/libexec/modulecmd.tcl,MODULEPATH=/g/data/hh5/public/modules:/etc/scl/modulefiles:/opt/Modules/modulefiles:/opt/Modules/v4.3.0/modulefiles:/apps/Modules/modulefiles -l storage=gdata/hh5+gdata/ik11+gdata/nm03+gdata/ua8+gdata/v45+gdata/x77+scratch/nm03 -- /g/data/hh5/public/apps/miniconda3/envs/analysis3-24.04/bin/python3.10 /g/data/hh5/public/apps/miniconda3/envs/analysis3-24.04/bin/payu-run

Wed Jan  8 16:37:31 AEDT 2025
Error not found: Segmentation fault: address not mapped to object
Error not found: Segmentation fault: invalid permissions for mapped object
Error not found: Transport retry count exceeded
Error not found: atmosphere/input.nml
Error not found: ORTE has lost communication with a remote daemon
Error not found: MPI_ERRORS_ARE_FATAL
Error not eligible for resubmission
Thu Jan  9 16:25:16 AEDT 2025
Error not found: Segmentation fault: address not mapped to object
Error not found: Segmentation fault: invalid permissions for mapped object
Error not found: Transport retry count exceeded
Error not found: atmosphere/input.nml
Error not found: ORTE has lost communication with a remote daemon
Error not found: MPI_ERRORS_ARE_FATAL
Error not eligible for resubmission
Sat Jan 11 04:22:34 AEDT 2025
Error found: Segmentation fault: address not mapped to object
Reset resubmission counter
Resubmission counter: 5
laboratory path:  /scratch/nm03/ab8992/mom6
binary path:  /scratch/nm03/ab8992/mom6/bin
input path:  /scratch/nm03/ab8992/mom6/input
work path:  /scratch/nm03/ab8992/mom6/work
archive path:  /scratch/nm03/ab8992/mom6/archive
Moving log beamless-10.o132066570
Moving log beamless-10.e132066570
Moving log beamless-10.o132067785
Moving log beamless-10.e132067785
Moving log beamless-10.o132068674
Moving log beamless-10.e132068674
Moving log beamless-10.o132069465
Moving log beamless-10.e132069465
Moving log beamless-10.o132070783
Moving log beamless-10.e132070783
Moving log beamless-10.o132071687
Moving log beamless-10.e132071687
Moving log beamless-10.o132072457
Moving log beamless-10.e132072457
Moving log beamless-10.o132072695
Moving log beamless-10.e132072695
Moving log beamless-10.o132074043
Moving log beamless-10.e132074043
Moving log beamless-10.o132074290
Moving log beamless-10.e132074290
Moving log beamless-10.o132076531
Moving log beamless-10.e132076531
Moving log beamless-10.o132076895
Moving log beamless-10.e132076895
Moving log beamless-10.o132077220
Moving log beamless-10.e132077220
Moving log beamless-10.o132077531
Moving log beamless-10.e132077531
Moving log beamless-10.o132077714
Moving log beamless-10.e132077714
Moving log beamless-10.o132077931
Moving log beamless-10.e132077931
Moving log beamless-10.o132078142
Moving log beamless-10.e132078142
Moving log beamless-10.o132078325
Moving log beamless-10.e132078325
Moving log beamless-10.o132078746
Moving log beamless-10.e132078746
Moving log beamless-10.o132079244
Moving log beamless-10.e132079244
Moving log beamless-10.o132080354
Moving log beamless-10.e132080354
Moving log beamless-10.o132080605
Moving log beamless-10.e132080605
Moving log beamless-10.o132080968
Moving log beamless-10.e132080968
Moving log beamless-10.o132081260
Moving log beamless-10.e132081260
Moving log beamless-10.o132081420
Moving log beamless-10.e132081420
Moving log beamless-10.o132081570
Moving log beamless-10.e132081570
Moving log beamless-10.o132081740
Moving log beamless-10.e132081740
Moving log beamless-10.o132081927
Moving log beamless-10.e132081927
Moving log beamless-10.o132082389
Moving log beamless-10.e132082389
Moving log beamless-10.o132083012
Moving log beamless-10.e132083012
Moving log beamless-10.o132083846
Moving log beamless-10.e132083846
Moving log beamless-10.o132084676
Moving log beamless-10.e132084676
Moving log beamless-10.o132084940
Moving log beamless-10.e132084940
Moving log beamless-10.o132085467
Moving log beamless-10.e132085467
Moving log beamless-10.o132085772
Moving log beamless-10.e132085772
Moving log beamless-10.o132086162
Moving log beamless-10.e132086162
Moving log beamless-10.o132086364
Moving log beamless-10.e132086364
Moving log beamless-10.o132086589
Moving log beamless-10.e132086589
Moving log beamless-10.o132086895
Moving log beamless-10.e132086895
Moving log beamless-10.o132088619
Moving log beamless-10.e132088619
Moving log beamless-10.o132089376
Moving log beamless-10.e132089376
Moving log beamless-10.o132090014
Moving log beamless-10.e132090014
Moving log beamless-10.o132090247
Moving log beamless-10.e132090247
Moving log beamless-10.o132092534
Moving log beamless-10.e132092534
Moving log beamless-10.o132093940
Moving log beamless-10.e132093940
Moving log beamless-10.o132097222
Moving log beamless-10.e132097222
Moving log beamless-10.o132098228
Moving log beamless-10.e132098228
Moving log beamless-10.o132100388
Moving log beamless-10.e132100388
Moving log beamless-10.o132102368
Moving log beamless-10.e132102368
Moving log beamless-10.o132103003
Moving log beamless-10.e132103003
Moving log beamless-10.o132103951
Moving log beamless-10.e132103951
Moving log beamless-10.o132105085
Moving log beamless-10.e132105085
Moving log beamless-10.o132106086
Moving log beamless-10.e132106086
Moving log beamless-10.o132106941
Moving log beamless-10.e132106941
Moving log beamless-10.o132108892
Moving log beamless-10.e132108892
Moving log beamless-10.o132110507
Moving log beamless-10.e132110507
Moving log beamless-10.o132111754
Moving log beamless-10.e132111754
Moving log beamless-10.o132112948
Moving log beamless-10.e132112948
Moving log beamless-10.o132114797
Moving log beamless-10.e132114797
Moving log beamless-10.o132116464
Moving log beamless-10.e132116464
Moving log beamless-10.o132118032
Moving log beamless-10.e132118032
Moving log beamless-10.o132119638
Moving log beamless-10.e132119638
Moving log beamless-10.o132120593
Moving log beamless-10.e132120593
Moving log beamless-10.o132121443
Moving log beamless-10.e132121443
Moving log beamless-10.o132122495
Moving log beamless-10.e132122495
Moving log beamless-10.o132123271
Moving log beamless-10.e132123271
Moving log beamless-10.o132124040
Moving log beamless-10.e132124040
Moving log beamless-10.o132124767
Moving log beamless-10.e132124767
Moving log beamless-10.o132125490
Moving log beamless-10.e132125490
Moving log beamless-10.o132126175
Moving log beamless-10.e132126175
Moving log beamless-10.o132126831
Moving log beamless-10.e132126831
Moving log beamless-10.o132127653
Moving log beamless-10.e132127653
Moving log beamless-10.o132128274
Moving log beamless-10.e132128274
Moving log beamless-10.o132128948
Moving log beamless-10.e132128948
Moving log beamless-10.o132129566
Moving log beamless-10.e132129566
Moving log beamless-10.o132130315
Moving log beamless-10.e132130315
Moving log beamless-10.o132130972
Moving log beamless-10.e132130972
Moving log beamless-10.o132131623
Moving log beamless-10.e132131623
Moving log beamless-10.o132132530
Moving log beamless-10.e132132530
Moving log beamless-10.o132132979
Moving log beamless-10.e132132979
Moving log beamless-10.o132133275
Moving log beamless-10.e132133275
Moving log beamless-10.o132133608
Moving log beamless-10.e132133608
Moving log beamless-10.o132133823
Moving log beamless-10.e132133823
Moving log beamless-10.o132134069
Moving log beamless-10.e132134069
Moving log beamless-10.o132134469
Moving log beamless-10.e132134469
Moving log beamless-10.o132134799
Moving log beamless-10.e132134799
Moving log beamless-10.o132135129
Moving log beamless-10.e132135129
Moving log beamless-10.o132135461
Moving log beamless-10.e132135461
Removing work path /scratch/nm03/ab8992/mom6/work/beamless-10
Removing symlink /home/149/ab8992/tasman-tides/rundirs/beamless-10/work
132135886.gadi-pbs
payu: warning: Job request includes 42 unused CPUs.
payu: warning: CPU request increased from 822 to 864
Loading input manifest: manifests/input.yaml
Loading restart manifest: manifests/restart.yaml
Loading exe manifest: manifests/exe.yaml
payu: Found modules in /opt/Modules/v4.3.0
qsub -q normal -P nm03 -l walltime=05:00:00 -l ncpus=864 -l mem=3456GB -l jobfs=10GB -N beamless-10 -l wd -j n -v PAYU_PATH=/g/data/hh5/public/apps/miniconda3/envs/analysis3-24.04/bin,PAYU_N_RUNS=62,MODULESHOME=/opt/Modules/v4.3.0,MODULES_CMD=/opt/Modules/v4.3.0/libexec/modulecmd.tcl,MODULEPATH=/g/data/hh5/public/modules:/etc/scl/modulefiles:/opt/Modules/modulefiles:/opt/Modules/v4.3.0/modulefiles:/apps/Modules/modulefiles -l storage=gdata/hh5+gdata/ik11+gdata/nm03+gdata/ua8+gdata/v45+gdata/x77+scratch/nm03 -- /g/data/hh5/public/apps/miniconda3/envs/analysis3-24.04/bin/python3.10 /g/data/hh5/public/apps/miniconda3/envs/analysis3-24.04/bin/payu-run

Sat Jan 11 05:41:23 AEDT 2025
Error found: Segmentation fault: address not mapped to object
Reset resubmission counter
Resubmission counter: 5
laboratory path:  /scratch/nm03/ab8992/mom6
binary path:  /scratch/nm03/ab8992/mom6/bin
input path:  /scratch/nm03/ab8992/mom6/input
work path:  /scratch/nm03/ab8992/mom6/work
archive path:  /scratch/nm03/ab8992/mom6/archive
Moving log beamless-10.o132135886
Moving log beamless-10.o132135772
Moving log beamless-10.e132135772
Moving log beamless-10.e132135886
Moving log beamless-10.o132136158
Moving log beamless-10.e132136158
Moving log beamless-10.o132136393
Moving log beamless-10.e132136393
Removing work path /scratch/nm03/ab8992/mom6/work/beamless-10
Removing symlink /home/149/ab8992/tasman-tides/rundirs/beamless-10/work
132136671.gadi-pbs
payu: warning: Job request includes 42 unused CPUs.
payu: warning: CPU request increased from 822 to 864
Loading input manifest: manifests/input.yaml
Loading restart manifest: manifests/restart.yaml
Loading exe manifest: manifests/exe.yaml
payu: Found modules in /opt/Modules/v4.3.0
qsub -q normal -P nm03 -l walltime=05:00:00 -l ncpus=864 -l mem=3456GB -l jobfs=10GB -N beamless-10 -l wd -j n -v PAYU_PATH=/g/data/hh5/public/apps/miniconda3/envs/analysis3-24.04/bin,PAYU_N_RUNS=59,MODULESHOME=/opt/Modules/v4.3.0,MODULES_CMD=/opt/Modules/v4.3.0/libexec/modulecmd.tcl,MODULEPATH=/g/data/hh5/public/modules:/etc/scl/modulefiles:/opt/Modules/modulefiles:/opt/Modules/v4.3.0/modulefiles:/apps/Modules/modulefiles -l storage=gdata/hh5+gdata/ik11+gdata/nm03+gdata/ua8+gdata/v45+gdata/x77+scratch/nm03 -- /g/data/hh5/public/apps/miniconda3/envs/analysis3-24.04/bin/python3.10 /g/data/hh5/public/apps/miniconda3/envs/analysis3-24.04/bin/payu-run

Sat Jan 11 22:48:48 AEDT 2025
Error not found: Segmentation fault: address not mapped to object
Error not found: Segmentation fault: invalid permissions for mapped object
Error not found: Transport retry count exceeded
Error not found: atmosphere/input.nml
Error not found: ORTE has lost communication with a remote daemon
Error not found: MPI_ERRORS_ARE_FATAL
Error not eligible for resubmission
