Thu Jul 25 17:15:57 AEST 2024
Error not found: Segmentation fault: address not mapped to object
Error not found: Segmentation fault: invalid permissions for mapped object
Error not found: Transport retry count exceeded
Error not found: atmosphere/input.nml
Error not found: ORTE has lost communication with a remote daemon
Error not found: MPI_ERRORS_ARE_FATAL
Error not eligible for resubmission
Sun Jan  5 11:08:31 AEDT 2025
Error not found: Segmentation fault: address not mapped to object
Error not found: Segmentation fault: invalid permissions for mapped object
Error not found: Transport retry count exceeded
Error not found: atmosphere/input.nml
Error not found: ORTE has lost communication with a remote daemon
Error not found: MPI_ERRORS_ARE_FATAL
Error not eligible for resubmission
Mon Jan  6 18:09:24 AEDT 2025
Error not found: Segmentation fault: address not mapped to object
Error not found: Segmentation fault: invalid permissions for mapped object
Error not found: Transport retry count exceeded
Error not found: atmosphere/input.nml
Error not found: ORTE has lost communication with a remote daemon
Error not found: MPI_ERRORS_ARE_FATAL
Error not eligible for resubmission
Mon Jan  6 20:38:01 AEDT 2025
Error not found: Segmentation fault: address not mapped to object
Error not found: Segmentation fault: invalid permissions for mapped object
Error not found: Transport retry count exceeded
Error not found: atmosphere/input.nml
Error not found: ORTE has lost communication with a remote daemon
Error not found: MPI_ERRORS_ARE_FATAL
Error not eligible for resubmission
Tue Jan  7 17:18:39 AEDT 2025
Error not found: Segmentation fault: address not mapped to object
Error not found: Segmentation fault: invalid permissions for mapped object
Error not found: Transport retry count exceeded
Error not found: atmosphere/input.nml
Error not found: ORTE has lost communication with a remote daemon
Error not found: MPI_ERRORS_ARE_FATAL
Error not eligible for resubmission
Wed Jan  8 00:08:39 AEDT 2025
Error not found: Segmentation fault: address not mapped to object
Error not found: Segmentation fault: invalid permissions for mapped object
Error not found: Transport retry count exceeded
Error not found: atmosphere/input.nml
Error not found: ORTE has lost communication with a remote daemon
Error not found: MPI_ERRORS_ARE_FATAL
Error not eligible for resubmission
Sun Jan 12 06:06:09 AEDT 2025
Error not found: Segmentation fault: address not mapped to object
Error not found: Segmentation fault: invalid permissions for mapped object
Error not found: Transport retry count exceeded
Error not found: atmosphere/input.nml
Error not found: ORTE has lost communication with a remote daemon
Error not found: MPI_ERRORS_ARE_FATAL
Error not eligible for resubmission
Wed Jan 15 20:35:33 AEDT 2025
Error found: Segmentation
Reset resubmission counter
Resubmission counter: 5
laboratory path:  /scratch/nm03/ab8992/mom6
binary path:  /scratch/nm03/ab8992/mom6/bin
input path:  /scratch/nm03/ab8992/mom6/input
work path:  /scratch/nm03/ab8992/mom6/work
archive path:  /scratch/nm03/ab8992/mom6/archive
Moving log beamless-20.o132308656
Moving log beamless-20.e132308656
Moving log beamless-20.o132311680
Moving log beamless-20.e132311680
Moving log beamless-20.o132313664
Moving log beamless-20.e132313664
Moving log beamless-20.o132315178
Moving log beamless-20.e132315178
Moving log beamless-20.o132317120
Moving log beamless-20.e132317120
Moving log beamless-20.o132319224
Moving log beamless-20.e132319224
Moving log beamless-20.o132320828
Moving log beamless-20.e132320828
Moving log beamless-20.o132322366
Moving log beamless-20.e132322366
Moving log beamless-20.o132324572
Moving log beamless-20.e132324572
Moving log beamless-20.o132325226
Moving log beamless-20.e132325226
Moving log beamless-20.o132326320
Moving log beamless-20.e132326320
Moving log beamless-20.o132327262
Moving log beamless-20.e132327262
Removing work path /scratch/nm03/ab8992/mom6/work/beamless-20
Removing symlink /home/149/ab8992/tasman-tides/rundirs/beamless-20/work
132327907.gadi-pbs
payu: warning: Job request includes 33 unused CPUs.
payu: warning: CPU request increased from 975 to 1008
Loading input manifest: manifests/input.yaml
Loading restart manifest: manifests/restart.yaml
Loading exe manifest: manifests/exe.yaml
payu: Found modules in /opt/Modules/v4.3.0
qsub -q normal -P nm03 -l walltime=05:00:00 -l ncpus=1008 -l mem=4032GB -l jobfs=10GB -N beamless-20 -l wd -j n -v PAYU_PATH=/g/data/hh5/public/apps/miniconda3/envs/analysis3-24.04/bin,PAYU_N_RUNS=88,MODULESHOME=/opt/Modules/v4.3.0,MODULES_CMD=/opt/Modules/v4.3.0/libexec/modulecmd.tcl,MODULEPATH=/g/data/hh5/public/modules:/etc/scl/modulefiles:/opt/Modules/modulefiles:/opt/Modules/v4.3.0/modulefiles:/apps/Modules/modulefiles -l storage=gdata/hh5+gdata/ik11+gdata/nm03+gdata/ua8+gdata/v45+gdata/x77+scratch/nm03 -- /g/data/hh5/public/apps/miniconda3/envs/analysis3-24.04/bin/python3.10 /g/data/hh5/public/apps/miniconda3/envs/analysis3-24.04/bin/payu-run

Wed Jan 15 20:39:42 AEDT 2025
Error found: Segmentation
Resubmission counter: 4
laboratory path:  /scratch/nm03/ab8992/mom6
binary path:  /scratch/nm03/ab8992/mom6/bin
input path:  /scratch/nm03/ab8992/mom6/input
work path:  /scratch/nm03/ab8992/mom6/work
archive path:  /scratch/nm03/ab8992/mom6/archive
Moving log beamless-20.o132327633
Moving log beamless-20.e132327633
Removing work path /scratch/nm03/ab8992/mom6/work/beamless-20
Removing symlink /home/149/ab8992/tasman-tides/rundirs/beamless-20/work
132327934.gadi-pbs
payu: warning: Job request includes 33 unused CPUs.
payu: warning: CPU request increased from 975 to 1008
Loading input manifest: manifests/input.yaml
Loading restart manifest: manifests/restart.yaml
Loading exe manifest: manifests/exe.yaml
payu: Found modules in /opt/Modules/v4.3.0
qsub -q normal -P nm03 -l walltime=05:00:00 -l ncpus=1008 -l mem=4032GB -l jobfs=10GB -N beamless-20 -l wd -j n -v PAYU_PATH=/g/data/hh5/public/apps/miniconda3/envs/analysis3-24.04/bin,PAYU_N_RUNS=88,MODULESHOME=/opt/Modules/v4.3.0,MODULES_CMD=/opt/Modules/v4.3.0/libexec/modulecmd.tcl,MODULEPATH=/g/data/hh5/public/modules:/etc/scl/modulefiles:/opt/Modules/modulefiles:/opt/Modules/v4.3.0/modulefiles:/apps/Modules/modulefiles -l storage=gdata/hh5+gdata/ik11+gdata/nm03+gdata/ua8+gdata/v45+gdata/x77+scratch/nm03 -- /g/data/hh5/public/apps/miniconda3/envs/analysis3-24.04/bin/python3.10 /g/data/hh5/public/apps/miniconda3/envs/analysis3-24.04/bin/payu-run

Thu Jan 16 05:02:58 AEDT 2025
Error not found: Segmentation
Error not found: Segmentation fault: address not mapped to object
Error not found: Segmentation fault: invalid permissions for mapped object
Error not found: Transport retry count exceeded
Error not found: atmosphere/input.nml
Error not found: ORTE has lost communication with a remote daemon
Error not found: MPI_ERRORS_ARE_FATAL
Error found: eta has dropped below bathyT
Reset resubmission counter
Resubmission counter: 5
laboratory path:  /scratch/nm03/ab8992/mom6
binary path:  /scratch/nm03/ab8992/mom6/bin
input path:  /scratch/nm03/ab8992/mom6/input
work path:  /scratch/nm03/ab8992/mom6/work
archive path:  /scratch/nm03/ab8992/mom6/archive
Moving log beamless-20.o132327907
Moving log beamless-20.e132327907
Moving log beamless-20.o132327934
Moving log beamless-20.e132327934
Moving log beamless-20.o132330687
Moving log beamless-20.e132330687
Moving log beamless-20.o132334214
Moving log beamless-20.e132334214
Moving log beamless-20.o132336160
Moving log beamless-20.e132336160
Moving log beamless-20.o132338299
Moving log beamless-20.e132338299
Moving log beamless-20.o132339736
Moving log beamless-20.e132339736
Moving log beamless-20.o132340578
Moving log beamless-20.e132340578
Moving log beamless-20.o132340927
Moving log beamless-20.e132340927
Moving log beamless-20.o132341243
Moving log beamless-20.e132341243
Moving log beamless-20.o132341376
Moving log beamless-20.e132341376
Removing work path /scratch/nm03/ab8992/mom6/work/beamless-20
Removing symlink /home/149/ab8992/tasman-tides/rundirs/beamless-20/work
132343282.gadi-pbs
payu: warning: Job request includes 33 unused CPUs.
payu: warning: CPU request increased from 975 to 1008
Loading input manifest: manifests/input.yaml
Loading restart manifest: manifests/restart.yaml
Loading exe manifest: manifests/exe.yaml
payu: Found modules in /opt/Modules/v4.3.0
qsub -q normal -P nm03 -l walltime=05:00:00 -l ncpus=1008 -l mem=4032GB -l jobfs=10GB -N beamless-20 -l wd -j n -v PAYU_PATH=/g/data/hh5/public/apps/miniconda3/envs/analysis3-24.04/bin,PAYU_N_RUNS=78,MODULESHOME=/opt/Modules/v4.3.0,MODULES_CMD=/opt/Modules/v4.3.0/libexec/modulecmd.tcl,MODULEPATH=/g/data/hh5/public/modules:/etc/scl/modulefiles:/opt/Modules/modulefiles:/opt/Modules/v4.3.0/modulefiles:/apps/Modules/modulefiles -l storage=gdata/hh5+gdata/ik11+gdata/nm03+gdata/ua8+gdata/v45+gdata/x77+scratch/nm03 -- /g/data/hh5/public/apps/miniconda3/envs/analysis3-24.04/bin/python3.10 /g/data/hh5/public/apps/miniconda3/envs/analysis3-24.04/bin/payu-run

Thu Jan 16 05:36:30 AEDT 2025
Error not found: Segmentation
Error not found: Segmentation fault: address not mapped to object
Error not found: Segmentation fault: invalid permissions for mapped object
Error not found: Transport retry count exceeded
Error not found: atmosphere/input.nml
Error not found: ORTE has lost communication with a remote daemon
Error not found: MPI_ERRORS_ARE_FATAL
Error found: eta has dropped below bathyT
Resubmission counter: 4
laboratory path:  /scratch/nm03/ab8992/mom6
binary path:  /scratch/nm03/ab8992/mom6/bin
input path:  /scratch/nm03/ab8992/mom6/input
work path:  /scratch/nm03/ab8992/mom6/work
archive path:  /scratch/nm03/ab8992/mom6/archive
Moving log beamless-20.o132342250
Moving log beamless-20.e132342250
Removing work path /scratch/nm03/ab8992/mom6/work/beamless-20
Removing symlink /home/149/ab8992/tasman-tides/rundirs/beamless-20/work
132344276.gadi-pbs
payu: warning: Job request includes 33 unused CPUs.
payu: warning: CPU request increased from 975 to 1008
Loading input manifest: manifests/input.yaml
Loading restart manifest: manifests/restart.yaml
Loading exe manifest: manifests/exe.yaml
payu: Found modules in /opt/Modules/v4.3.0
qsub -q normal -P nm03 -l walltime=05:00:00 -l ncpus=1008 -l mem=4032GB -l jobfs=10GB -N beamless-20 -l wd -j n -v PAYU_PATH=/g/data/hh5/public/apps/miniconda3/envs/analysis3-24.04/bin,PAYU_N_RUNS=78,MODULESHOME=/opt/Modules/v4.3.0,MODULES_CMD=/opt/Modules/v4.3.0/libexec/modulecmd.tcl,MODULEPATH=/g/data/hh5/public/modules:/etc/scl/modulefiles:/opt/Modules/modulefiles:/opt/Modules/v4.3.0/modulefiles:/apps/Modules/modulefiles -l storage=gdata/hh5+gdata/ik11+gdata/nm03+gdata/ua8+gdata/v45+gdata/x77+scratch/nm03 -- /g/data/hh5/public/apps/miniconda3/envs/analysis3-24.04/bin/python3.10 /g/data/hh5/public/apps/miniconda3/envs/analysis3-24.04/bin/payu-run

Thu Jan 16 06:09:34 AEDT 2025
Error not found: Segmentation
Error not found: Segmentation fault: address not mapped to object
Error not found: Segmentation fault: invalid permissions for mapped object
Error not found: Transport retry count exceeded
Error not found: atmosphere/input.nml
Error not found: ORTE has lost communication with a remote daemon
Error not found: MPI_ERRORS_ARE_FATAL
Error found: eta has dropped below bathyT
Resubmission counter: 3
laboratory path:  /scratch/nm03/ab8992/mom6
binary path:  /scratch/nm03/ab8992/mom6/bin
input path:  /scratch/nm03/ab8992/mom6/input
work path:  /scratch/nm03/ab8992/mom6/work
archive path:  /scratch/nm03/ab8992/mom6/archive
Moving log beamless-20.o132343282
Moving log beamless-20.e132343282
Removing work path /scratch/nm03/ab8992/mom6/work/beamless-20
Removing symlink /home/149/ab8992/tasman-tides/rundirs/beamless-20/work
132345248.gadi-pbs
payu: warning: Job request includes 33 unused CPUs.
payu: warning: CPU request increased from 975 to 1008
Loading input manifest: manifests/input.yaml
Loading restart manifest: manifests/restart.yaml
Loading exe manifest: manifests/exe.yaml
payu: Found modules in /opt/Modules/v4.3.0
qsub -q normal -P nm03 -l walltime=05:00:00 -l ncpus=1008 -l mem=4032GB -l jobfs=10GB -N beamless-20 -l wd -j n -v PAYU_PATH=/g/data/hh5/public/apps/miniconda3/envs/analysis3-24.04/bin,PAYU_N_RUNS=78,MODULESHOME=/opt/Modules/v4.3.0,MODULES_CMD=/opt/Modules/v4.3.0/libexec/modulecmd.tcl,MODULEPATH=/g/data/hh5/public/modules:/etc/scl/modulefiles:/opt/Modules/modulefiles:/opt/Modules/v4.3.0/modulefiles:/apps/Modules/modulefiles -l storage=gdata/hh5+gdata/ik11+gdata/nm03+gdata/ua8+gdata/v45+gdata/x77+scratch/nm03 -- /g/data/hh5/public/apps/miniconda3/envs/analysis3-24.04/bin/python3.10 /g/data/hh5/public/apps/miniconda3/envs/analysis3-24.04/bin/payu-run

Thu Jan 16 06:43:41 AEDT 2025
Error not found: Segmentation
Error not found: Segmentation fault: address not mapped to object
Error not found: Segmentation fault: invalid permissions for mapped object
Error not found: Transport retry count exceeded
Error not found: atmosphere/input.nml
Error not found: ORTE has lost communication with a remote daemon
Error not found: MPI_ERRORS_ARE_FATAL
Error found: eta has dropped below bathyT
Resubmission counter: 2
laboratory path:  /scratch/nm03/ab8992/mom6
binary path:  /scratch/nm03/ab8992/mom6/bin
input path:  /scratch/nm03/ab8992/mom6/input
work path:  /scratch/nm03/ab8992/mom6/work
archive path:  /scratch/nm03/ab8992/mom6/archive
Moving log beamless-20.o132344276
Moving log beamless-20.e132344276
Removing work path /scratch/nm03/ab8992/mom6/work/beamless-20
Removing symlink /home/149/ab8992/tasman-tides/rundirs/beamless-20/work
132346244.gadi-pbs
payu: warning: Job request includes 33 unused CPUs.
payu: warning: CPU request increased from 975 to 1008
Loading input manifest: manifests/input.yaml
Loading restart manifest: manifests/restart.yaml
Loading exe manifest: manifests/exe.yaml
payu: Found modules in /opt/Modules/v4.3.0
qsub -q normal -P nm03 -l walltime=05:00:00 -l ncpus=1008 -l mem=4032GB -l jobfs=10GB -N beamless-20 -l wd -j n -v PAYU_PATH=/g/data/hh5/public/apps/miniconda3/envs/analysis3-24.04/bin,PAYU_N_RUNS=78,MODULESHOME=/opt/Modules/v4.3.0,MODULES_CMD=/opt/Modules/v4.3.0/libexec/modulecmd.tcl,MODULEPATH=/g/data/hh5/public/modules:/etc/scl/modulefiles:/opt/Modules/modulefiles:/opt/Modules/v4.3.0/modulefiles:/apps/Modules/modulefiles -l storage=gdata/hh5+gdata/ik11+gdata/nm03+gdata/ua8+gdata/v45+gdata/x77+scratch/nm03 -- /g/data/hh5/public/apps/miniconda3/envs/analysis3-24.04/bin/python3.10 /g/data/hh5/public/apps/miniconda3/envs/analysis3-24.04/bin/payu-run

Thu Jan 16 07:16:53 AEDT 2025
Error not found: Segmentation
Error not found: Segmentation fault: address not mapped to object
Error not found: Segmentation fault: invalid permissions for mapped object
Error not found: Transport retry count exceeded
Error not found: atmosphere/input.nml
Error not found: ORTE has lost communication with a remote daemon
Error not found: MPI_ERRORS_ARE_FATAL
Error found: eta has dropped below bathyT
Resubmission counter: 1
laboratory path:  /scratch/nm03/ab8992/mom6
binary path:  /scratch/nm03/ab8992/mom6/bin
input path:  /scratch/nm03/ab8992/mom6/input
work path:  /scratch/nm03/ab8992/mom6/work
archive path:  /scratch/nm03/ab8992/mom6/archive
Moving log beamless-20.o132345248
Moving log beamless-20.e132345248
Removing work path /scratch/nm03/ab8992/mom6/work/beamless-20
Removing symlink /home/149/ab8992/tasman-tides/rundirs/beamless-20/work
132347686.gadi-pbs
payu: warning: Job request includes 33 unused CPUs.
payu: warning: CPU request increased from 975 to 1008
Loading input manifest: manifests/input.yaml
Loading restart manifest: manifests/restart.yaml
Loading exe manifest: manifests/exe.yaml
payu: Found modules in /opt/Modules/v4.3.0
qsub -q normal -P nm03 -l walltime=05:00:00 -l ncpus=1008 -l mem=4032GB -l jobfs=10GB -N beamless-20 -l wd -j n -v PAYU_PATH=/g/data/hh5/public/apps/miniconda3/envs/analysis3-24.04/bin,PAYU_N_RUNS=78,MODULESHOME=/opt/Modules/v4.3.0,MODULES_CMD=/opt/Modules/v4.3.0/libexec/modulecmd.tcl,MODULEPATH=/g/data/hh5/public/modules:/etc/scl/modulefiles:/opt/Modules/modulefiles:/opt/Modules/v4.3.0/modulefiles:/apps/Modules/modulefiles -l storage=gdata/hh5+gdata/ik11+gdata/nm03+gdata/ua8+gdata/v45+gdata/x77+scratch/nm03 -- /g/data/hh5/public/apps/miniconda3/envs/analysis3-24.04/bin/python3.10 /g/data/hh5/public/apps/miniconda3/envs/analysis3-24.04/bin/payu-run

Thu Jan 16 07:50:47 AEDT 2025
Error not found: Segmentation
Error not found: Segmentation fault: address not mapped to object
Error not found: Segmentation fault: invalid permissions for mapped object
Error not found: Transport retry count exceeded
Error not found: atmosphere/input.nml
Error not found: ORTE has lost communication with a remote daemon
Error not found: MPI_ERRORS_ARE_FATAL
Error found: eta has dropped below bathyT
Resubmission counter: 0
Resubmit limit reached ... 

Sun Jan 19 11:44:17 AEDT 2025
Error not found: Segmentation
Error not found: Segmentation fault: address not mapped to object
Error not found: Segmentation fault: invalid permissions for mapped object
Error not found: Transport retry count exceeded
Error not found: atmosphere/input.nml
Error not found: ORTE has lost communication with a remote daemon
Error not found: MPI_ERRORS_ARE_FATAL
Error found: eta has dropped below bathyT
Reset resubmission counter
Resubmission counter: 5
laboratory path:  /scratch/nm03/ab8992/mom6
binary path:  /scratch/nm03/ab8992/mom6/bin
input path:  /scratch/nm03/ab8992/mom6/input
work path:  /scratch/nm03/ab8992/mom6/work
archive path:  /scratch/nm03/ab8992/mom6/archive
Moving log beamless-20.o132485324
Moving log beamless-20.e132485324
Moving log beamless-20.o132490153
Moving log beamless-20.e132490153
Moving log beamless-20.o132491749
Moving log beamless-20.e132491749
Moving log beamless-20.o132492191
Moving log beamless-20.e132492191
Moving log beamless-20.o132492751
Moving log beamless-20.e132492751
Moving log beamless-20.o132494260
Moving log beamless-20.e132494260
Moving log beamless-20.o132494639
Moving log beamless-20.e132494639
Moving log beamless-20.o132494992
Moving log beamless-20.e132494992
Moving log beamless-20.o132495323
Moving log beamless-20.e132495323
Moving log beamless-20.o132495845
Moving log beamless-20.e132495845
Moving log beamless-20.o132496461
Moving log beamless-20.e132496461
Moving log beamless-20.o132496660
Moving log beamless-20.e132496660
Moving log beamless-20.o132496873
Moving log beamless-20.e132496873
Moving log beamless-20.o132497136
Moving log beamless-20.e132497136
Moving log beamless-20.o132497306
Moving log beamless-20.e132497306
Moving log beamless-20.o132497653
Moving log beamless-20.e132497653
Moving log beamless-20.o132497929
Moving log beamless-20.e132497929
Moving log beamless-20.o132498138
Moving log beamless-20.e132498138
Moving log beamless-20.o132498401
Moving log beamless-20.e132498401
Moving log beamless-20.o132498750
Moving log beamless-20.e132498750
Moving log beamless-20.o132499232
Moving log beamless-20.e132499232
Moving log beamless-20.o132499634
Moving log beamless-20.e132499634
Moving log beamless-20.o132500365
Moving log beamless-20.e132500365
Moving log beamless-20.o132501007
Moving log beamless-20.e132501007
Moving log beamless-20.o132501724
Moving log beamless-20.e132501724
Moving log beamless-20.o132502392
Moving log beamless-20.e132502392
Moving log beamless-20.o132503615
Moving log beamless-20.e132503615
Moving log beamless-20.o132504897
Moving log beamless-20.e132504897
Moving log beamless-20.o132506196
Moving log beamless-20.e132506196
Moving log beamless-20.o132507211
Moving log beamless-20.e132507211
Moving log beamless-20.o132508311
Moving log beamless-20.e132508311
Moving log beamless-20.o132509716
Moving log beamless-20.e132509716
Moving log beamless-20.o132510009
Moving log beamless-20.e132510009
Moving log beamless-20.o132510252
Moving log beamless-20.e132510252
Moving log beamless-20.o132510403
Moving log beamless-20.e132510403
Moving log beamless-20.o132510693
Moving log beamless-20.e132510693
Moving log beamless-20.o132511129
Moving log beamless-20.e132511129
Moving log beamless-20.o132511325
Moving log beamless-20.e132511325
Moving log beamless-20.o132512158
Moving log beamless-20.e132512158
Moving log beamless-20.o132512747
Moving log beamless-20.e132512747
Moving log beamless-20.o132513504
Moving log beamless-20.e132513504
Moving log beamless-20.o132514198
Moving log beamless-20.e132514198
Moving log beamless-20.o132514625
Moving log beamless-20.e132514625
Moving log beamless-20.o132514783
Moving log beamless-20.e132514783
Moving log beamless-20.o132514919
Moving log beamless-20.e132514919
Moving log beamless-20.o132515165
Moving log beamless-20.e132515165
Moving log beamless-20.o132515297
Moving log beamless-20.e132515297
Moving log beamless-20.o132515482
Moving log beamless-20.e132515482
Moving log beamless-20.o132515607
Moving log beamless-20.e132515607
Moving log beamless-20.o132515731
Moving log beamless-20.e132515731
Moving log beamless-20.o132515965
Moving log beamless-20.e132515965
Moving log beamless-20.o132516156
Moving log beamless-20.e132516156
Moving log beamless-20.o132516265
Moving log beamless-20.e132516265
Removing work path /scratch/nm03/ab8992/mom6/work/beamless-20
Removing symlink /home/149/ab8992/tasman-tides/rundirs/beamless-20/work
132524275.gadi-pbs
payu: warning: Job request includes 33 unused CPUs.
payu: warning: CPU request increased from 975 to 1008
Loading input manifest: manifests/input.yaml
Loading restart manifest: manifests/restart.yaml
Loading exe manifest: manifests/exe.yaml
payu: Found modules in /opt/Modules/v4.3.0
qsub -q normal -P nm03 -l walltime=05:00:00 -l ncpus=1008 -l mem=4032GB -l jobfs=10GB -N beamless-20 -l wd -j n -v PAYU_PATH=/g/data/hh5/public/apps/miniconda3/envs/analysis3-24.04/bin,PAYU_N_RUNS=47,MODULESHOME=/opt/Modules/v4.3.0,MODULES_CMD=/opt/Modules/v4.3.0/libexec/modulecmd.tcl,MODULEPATH=/g/data/hh5/public/modules:/etc/scl/modulefiles:/opt/Modules/modulefiles:/opt/Modules/v4.3.0/modulefiles:/apps/Modules/modulefiles -l storage=gdata/hh5+gdata/ik11+gdata/nm03+gdata/ua8+gdata/v45+gdata/x77+scratch/nm03 -- /g/data/hh5/public/apps/miniconda3/envs/analysis3-24.04/bin/python3.10 /g/data/hh5/public/apps/miniconda3/envs/analysis3-24.04/bin/payu-run

Sun Jan 19 12:23:59 AEDT 2025
Error not found: Segmentation
Error not found: Segmentation fault: address not mapped to object
Error not found: Segmentation fault: invalid permissions for mapped object
Error not found: Transport retry count exceeded
Error not found: atmosphere/input.nml
Error not found: ORTE has lost communication with a remote daemon
Error not found: MPI_ERRORS_ARE_FATAL
Error found: eta has dropped below bathyT
Resubmission counter: 4
laboratory path:  /scratch/nm03/ab8992/mom6
binary path:  /scratch/nm03/ab8992/mom6/bin
input path:  /scratch/nm03/ab8992/mom6/input
work path:  /scratch/nm03/ab8992/mom6/work
archive path:  /scratch/nm03/ab8992/mom6/archive
Moving log beamless-20.o132520533
Moving log beamless-20.e132520533
Removing work path /scratch/nm03/ab8992/mom6/work/beamless-20
Removing symlink /home/149/ab8992/tasman-tides/rundirs/beamless-20/work
132524467.gadi-pbs
payu: warning: Job request includes 33 unused CPUs.
payu: warning: CPU request increased from 975 to 1008
Loading input manifest: manifests/input.yaml
Loading restart manifest: manifests/restart.yaml
Loading exe manifest: manifests/exe.yaml
payu: Found modules in /opt/Modules/v4.3.0
qsub -q normal -P nm03 -l walltime=05:00:00 -l ncpus=1008 -l mem=4032GB -l jobfs=10GB -N beamless-20 -l wd -j n -v PAYU_PATH=/g/data/hh5/public/apps/miniconda3/envs/analysis3-24.04/bin,PAYU_N_RUNS=47,MODULESHOME=/opt/Modules/v4.3.0,MODULES_CMD=/opt/Modules/v4.3.0/libexec/modulecmd.tcl,MODULEPATH=/g/data/hh5/public/modules:/etc/scl/modulefiles:/opt/Modules/modulefiles:/opt/Modules/v4.3.0/modulefiles:/apps/Modules/modulefiles -l storage=gdata/hh5+gdata/ik11+gdata/nm03+gdata/ua8+gdata/v45+gdata/x77+scratch/nm03 -- /g/data/hh5/public/apps/miniconda3/envs/analysis3-24.04/bin/python3.10 /g/data/hh5/public/apps/miniconda3/envs/analysis3-24.04/bin/payu-run

Sun Jan 19 13:06:24 AEDT 2025
Error not found: Segmentation
Error not found: Segmentation fault: address not mapped to object
Error not found: Segmentation fault: invalid permissions for mapped object
Error not found: Transport retry count exceeded
Error not found: atmosphere/input.nml
Error not found: ORTE has lost communication with a remote daemon
Error not found: MPI_ERRORS_ARE_FATAL
Error found: eta has dropped below bathyT
Resubmission counter: 3
laboratory path:  /scratch/nm03/ab8992/mom6
binary path:  /scratch/nm03/ab8992/mom6/bin
input path:  /scratch/nm03/ab8992/mom6/input
work path:  /scratch/nm03/ab8992/mom6/work
archive path:  /scratch/nm03/ab8992/mom6/archive
Moving log beamless-20.o132524275
Moving log beamless-20.e132524275
Removing work path /scratch/nm03/ab8992/mom6/work/beamless-20
Removing symlink /home/149/ab8992/tasman-tides/rundirs/beamless-20/work
132524585.gadi-pbs
payu: warning: Job request includes 33 unused CPUs.
payu: warning: CPU request increased from 975 to 1008
Loading input manifest: manifests/input.yaml
Loading restart manifest: manifests/restart.yaml
Loading exe manifest: manifests/exe.yaml
payu: Found modules in /opt/Modules/v4.3.0
qsub -q normal -P nm03 -l walltime=05:00:00 -l ncpus=1008 -l mem=4032GB -l jobfs=10GB -N beamless-20 -l wd -j n -v PAYU_PATH=/g/data/hh5/public/apps/miniconda3/envs/analysis3-24.04/bin,PAYU_N_RUNS=47,MODULESHOME=/opt/Modules/v4.3.0,MODULES_CMD=/opt/Modules/v4.3.0/libexec/modulecmd.tcl,MODULEPATH=/g/data/hh5/public/modules:/etc/scl/modulefiles:/opt/Modules/modulefiles:/opt/Modules/v4.3.0/modulefiles:/apps/Modules/modulefiles -l storage=gdata/hh5+gdata/ik11+gdata/nm03+gdata/ua8+gdata/v45+gdata/x77+scratch/nm03 -- /g/data/hh5/public/apps/miniconda3/envs/analysis3-24.04/bin/python3.10 /g/data/hh5/public/apps/miniconda3/envs/analysis3-24.04/bin/payu-run

Sun Jan 19 13:47:27 AEDT 2025
Error not found: Segmentation
Error not found: Segmentation fault: address not mapped to object
Error not found: Segmentation fault: invalid permissions for mapped object
Error not found: Transport retry count exceeded
Error not found: atmosphere/input.nml
Error not found: ORTE has lost communication with a remote daemon
Error not found: MPI_ERRORS_ARE_FATAL
Error found: eta has dropped below bathyT
Resubmission counter: 2
laboratory path:  /scratch/nm03/ab8992/mom6
binary path:  /scratch/nm03/ab8992/mom6/bin
input path:  /scratch/nm03/ab8992/mom6/input
work path:  /scratch/nm03/ab8992/mom6/work
archive path:  /scratch/nm03/ab8992/mom6/archive
Moving log beamless-20.o132524467
Moving log beamless-20.e132524467
Removing work path /scratch/nm03/ab8992/mom6/work/beamless-20
Removing symlink /home/149/ab8992/tasman-tides/rundirs/beamless-20/work
132525773.gadi-pbs
payu: warning: Job request includes 33 unused CPUs.
payu: warning: CPU request increased from 975 to 1008
Loading input manifest: manifests/input.yaml
Loading restart manifest: manifests/restart.yaml
Loading exe manifest: manifests/exe.yaml
payu: Found modules in /opt/Modules/v4.3.0
qsub -q normal -P nm03 -l walltime=05:00:00 -l ncpus=1008 -l mem=4032GB -l jobfs=10GB -N beamless-20 -l wd -j n -v PAYU_PATH=/g/data/hh5/public/apps/miniconda3/envs/analysis3-24.04/bin,PAYU_N_RUNS=47,MODULESHOME=/opt/Modules/v4.3.0,MODULES_CMD=/opt/Modules/v4.3.0/libexec/modulecmd.tcl,MODULEPATH=/g/data/hh5/public/modules:/etc/scl/modulefiles:/opt/Modules/modulefiles:/opt/Modules/v4.3.0/modulefiles:/apps/Modules/modulefiles -l storage=gdata/hh5+gdata/ik11+gdata/nm03+gdata/ua8+gdata/v45+gdata/x77+scratch/nm03 -- /g/data/hh5/public/apps/miniconda3/envs/analysis3-24.04/bin/python3.10 /g/data/hh5/public/apps/miniconda3/envs/analysis3-24.04/bin/payu-run

Sun Jan 19 14:27:26 AEDT 2025
Error not found: Segmentation
Error not found: Segmentation fault: address not mapped to object
Error not found: Segmentation fault: invalid permissions for mapped object
Error not found: Transport retry count exceeded
Error not found: atmosphere/input.nml
Error not found: ORTE has lost communication with a remote daemon
Error not found: MPI_ERRORS_ARE_FATAL
Error found: eta has dropped below bathyT
Resubmission counter: 1
laboratory path:  /scratch/nm03/ab8992/mom6
binary path:  /scratch/nm03/ab8992/mom6/bin
input path:  /scratch/nm03/ab8992/mom6/input
work path:  /scratch/nm03/ab8992/mom6/work
archive path:  /scratch/nm03/ab8992/mom6/archive
Moving log beamless-20.o132524585
Moving log beamless-20.e132524585
Removing work path /scratch/nm03/ab8992/mom6/work/beamless-20
Removing symlink /home/149/ab8992/tasman-tides/rundirs/beamless-20/work
132526115.gadi-pbs
payu: warning: Job request includes 33 unused CPUs.
payu: warning: CPU request increased from 975 to 1008
Loading input manifest: manifests/input.yaml
Loading restart manifest: manifests/restart.yaml
Loading exe manifest: manifests/exe.yaml
payu: Found modules in /opt/Modules/v4.3.0
qsub -q normal -P nm03 -l walltime=05:00:00 -l ncpus=1008 -l mem=4032GB -l jobfs=10GB -N beamless-20 -l wd -j n -v PAYU_PATH=/g/data/hh5/public/apps/miniconda3/envs/analysis3-24.04/bin,PAYU_N_RUNS=47,MODULESHOME=/opt/Modules/v4.3.0,MODULES_CMD=/opt/Modules/v4.3.0/libexec/modulecmd.tcl,MODULEPATH=/g/data/hh5/public/modules:/etc/scl/modulefiles:/opt/Modules/modulefiles:/opt/Modules/v4.3.0/modulefiles:/apps/Modules/modulefiles -l storage=gdata/hh5+gdata/ik11+gdata/nm03+gdata/ua8+gdata/v45+gdata/x77+scratch/nm03 -- /g/data/hh5/public/apps/miniconda3/envs/analysis3-24.04/bin/python3.10 /g/data/hh5/public/apps/miniconda3/envs/analysis3-24.04/bin/payu-run

Sun Jan 19 14:53:39 AEDT 2025
Error found: Segmentation
Resubmission counter: 0
Resubmit limit reached ... 

