Thu Jul 25 17:15:57 AEST 2024
Error not found: Segmentation fault: address not mapped to object
Error not found: Segmentation fault: invalid permissions for mapped object
Error not found: Transport retry count exceeded
Error not found: atmosphere/input.nml
Error not found: ORTE has lost communication with a remote daemon
Error not found: MPI_ERRORS_ARE_FATAL
Error not eligible for resubmission
Sun Jan  5 11:08:31 AEDT 2025
Error not found: Segmentation fault: address not mapped to object
Error not found: Segmentation fault: invalid permissions for mapped object
Error not found: Transport retry count exceeded
Error not found: atmosphere/input.nml
Error not found: ORTE has lost communication with a remote daemon
Error not found: MPI_ERRORS_ARE_FATAL
Error not eligible for resubmission
Mon Jan  6 18:09:24 AEDT 2025
Error not found: Segmentation fault: address not mapped to object
Error not found: Segmentation fault: invalid permissions for mapped object
Error not found: Transport retry count exceeded
Error not found: atmosphere/input.nml
Error not found: ORTE has lost communication with a remote daemon
Error not found: MPI_ERRORS_ARE_FATAL
Error not eligible for resubmission
Mon Jan  6 20:38:01 AEDT 2025
Error not found: Segmentation fault: address not mapped to object
Error not found: Segmentation fault: invalid permissions for mapped object
Error not found: Transport retry count exceeded
Error not found: atmosphere/input.nml
Error not found: ORTE has lost communication with a remote daemon
Error not found: MPI_ERRORS_ARE_FATAL
Error not eligible for resubmission
Tue Jan  7 17:18:39 AEDT 2025
Error not found: Segmentation fault: address not mapped to object
Error not found: Segmentation fault: invalid permissions for mapped object
Error not found: Transport retry count exceeded
Error not found: atmosphere/input.nml
Error not found: ORTE has lost communication with a remote daemon
Error not found: MPI_ERRORS_ARE_FATAL
Error not eligible for resubmission
Wed Jan  8 00:08:39 AEDT 2025
Error not found: Segmentation fault: address not mapped to object
Error not found: Segmentation fault: invalid permissions for mapped object
Error not found: Transport retry count exceeded
Error not found: atmosphere/input.nml
Error not found: ORTE has lost communication with a remote daemon
Error not found: MPI_ERRORS_ARE_FATAL
Error not eligible for resubmission
Wed Jan  8 14:35:20 AEDT 2025
Error found: Segmentation fault: address not mapped to object
Reset resubmission counter
Resubmission counter: 5
laboratory path:  /scratch/nm03/ab8992/mom6
binary path:  /scratch/nm03/ab8992/mom6/bin
input path:  /scratch/nm03/ab8992/mom6/input
work path:  /scratch/nm03/ab8992/mom6/work
archive path:  /scratch/nm03/ab8992/mom6/archive
Removing work path /scratch/nm03/ab8992/mom6/work/full-10
Removing symlink /home/149/ab8992/tasman-tides/rundirs/full-10/work

Wed Jan  8 14:38:16 AEDT 2025
Error not found: Segmentation fault: address not mapped to object
Error not found: Segmentation fault: invalid permissions for mapped object
Error not found: Transport retry count exceeded
Error not found: atmosphere/input.nml
Error not found: ORTE has lost communication with a remote daemon
Error not found: MPI_ERRORS_ARE_FATAL
Error not eligible for resubmission
Wed Jan  8 14:43:11 AEDT 2025
Error not found: Segmentation fault: address not mapped to object
Error not found: Segmentation fault: invalid permissions for mapped object
Error not found: Transport retry count exceeded
Error not found: atmosphere/input.nml
Error not found: ORTE has lost communication with a remote daemon
Error not found: MPI_ERRORS_ARE_FATAL
Error not eligible for resubmission
Wed Jan  8 14:45:31 AEDT 2025
Error not found: Segmentation fault: address not mapped to object
Error not found: Segmentation fault: invalid permissions for mapped object
Error not found: Transport retry count exceeded
Error not found: atmosphere/input.nml
Error not found: ORTE has lost communication with a remote daemon
Error not found: MPI_ERRORS_ARE_FATAL
Error not eligible for resubmission
Wed Jan  8 14:46:43 AEDT 2025
Error not found: Segmentation fault: address not mapped to object
Error not found: Segmentation fault: invalid permissions for mapped object
Error not found: Transport retry count exceeded
Error not found: atmosphere/input.nml
Error not found: ORTE has lost communication with a remote daemon
Error not found: MPI_ERRORS_ARE_FATAL
Error not eligible for resubmission
Wed Jan  8 14:48:37 AEDT 2025
Error not found: Segmentation fault: address not mapped to object
Error not found: Segmentation fault: invalid permissions for mapped object
Error not found: Transport retry count exceeded
Error not found: atmosphere/input.nml
Error not found: ORTE has lost communication with a remote daemon
Error not found: MPI_ERRORS_ARE_FATAL
Error not eligible for resubmission
Wed Jan  8 14:56:35 AEDT 2025
Error not found: Segmentation fault: address not mapped to object
Error not found: Segmentation fault: invalid permissions for mapped object
Error not found: Transport retry count exceeded
Error not found: atmosphere/input.nml
Error not found: ORTE has lost communication with a remote daemon
Error not found: MPI_ERRORS_ARE_FATAL
Error not eligible for resubmission
Wed Jan  8 15:04:05 AEDT 2025
Error not found: Segmentation fault: address not mapped to object
Error not found: Segmentation fault: invalid permissions for mapped object
Error not found: Transport retry count exceeded
Error not found: atmosphere/input.nml
Error not found: ORTE has lost communication with a remote daemon
Error not found: MPI_ERRORS_ARE_FATAL
Error not eligible for resubmission
Wed Jan  8 15:43:49 AEDT 2025
Error not found: Segmentation fault: address not mapped to object
Error not found: Segmentation fault: invalid permissions for mapped object
Error not found: Transport retry count exceeded
Error not found: atmosphere/input.nml
Error not found: ORTE has lost communication with a remote daemon
Error not found: MPI_ERRORS_ARE_FATAL
Error not eligible for resubmission
Wed Jan  8 15:47:08 AEDT 2025
Error not found: Segmentation fault: address not mapped to object
Error not found: Segmentation fault: invalid permissions for mapped object
Error not found: Transport retry count exceeded
Error not found: atmosphere/input.nml
Error not found: ORTE has lost communication with a remote daemon
Error not found: MPI_ERRORS_ARE_FATAL
Error not eligible for resubmission
Wed Jan  8 15:50:32 AEDT 2025
Error not found: Segmentation fault: address not mapped to object
Error not found: Segmentation fault: invalid permissions for mapped object
Error not found: Transport retry count exceeded
Error not found: atmosphere/input.nml
Error not found: ORTE has lost communication with a remote daemon
Error not found: MPI_ERRORS_ARE_FATAL
Error not eligible for resubmission
Wed Jan  8 15:53:59 AEDT 2025
Error not found: Segmentation fault: address not mapped to object
Error not found: Segmentation fault: invalid permissions for mapped object
Error not found: Transport retry count exceeded
Error not found: atmosphere/input.nml
Error not found: ORTE has lost communication with a remote daemon
Error not found: MPI_ERRORS_ARE_FATAL
Error not eligible for resubmission
Wed Jan  8 16:23:34 AEDT 2025
Error found: Segmentation fault: address not mapped to object
Resubmission counter: 4
laboratory path:  /scratch/nm03/ab8992/mom6
binary path:  /scratch/nm03/ab8992/mom6/bin
input path:  /scratch/nm03/ab8992/mom6/input
work path:  /scratch/nm03/ab8992/mom6/work
archive path:  /scratch/nm03/ab8992/mom6/archive
Removing work path /scratch/nm03/ab8992/mom6/work/full-10
Removing symlink /home/149/ab8992/tasman-tides/rundirs/full-10/work
132004134.gadi-pbs
payu: warning: Job request includes 42 unused CPUs.
payu: warning: CPU request increased from 822 to 864
Loading input manifest: manifests/input.yaml
Loading restart manifest: manifests/restart.yaml
Loading exe manifest: manifests/exe.yaml
payu: Found modules in /opt/Modules/v4.3.0
qsub -q normal -P nm03 -l walltime=05:00:00 -l ncpus=864 -l mem=3456GB -l jobfs=10GB -N full-10 -l wd -j n -v PAYU_PATH=/g/data/hh5/public/apps/miniconda3/envs/analysis3-24.04/bin,PAYU_N_RUNS=1,MODULESHOME=/opt/Modules/v4.3.0,MODULES_CMD=/opt/Modules/v4.3.0/libexec/modulecmd.tcl,MODULEPATH=/g/data/hh5/public/modules:/etc/scl/modulefiles:/opt/Modules/modulefiles:/opt/Modules/v4.3.0/modulefiles:/apps/Modules/modulefiles -l storage=gdata/hh5+gdata/ik11+gdata/nm03+gdata/ua8+gdata/v45+gdata/x77+scratch/nm03 -- /g/data/hh5/public/apps/miniconda3/envs/analysis3-24.04/bin/python3.10 /g/data/hh5/public/apps/miniconda3/envs/analysis3-24.04/bin/payu-run

Wed Jan  8 16:24:11 AEDT 2025
Error found: Segmentation fault: address not mapped to object
Resubmission counter: 3
laboratory path:  /scratch/nm03/ab8992/mom6
binary path:  /scratch/nm03/ab8992/mom6/bin
input path:  /scratch/nm03/ab8992/mom6/input
work path:  /scratch/nm03/ab8992/mom6/work
archive path:  /scratch/nm03/ab8992/mom6/archive
Moving log full-10.o132004128
Moving log full-10.e132004128
Removing work path /scratch/nm03/ab8992/mom6/work/full-10
Removing symlink /home/149/ab8992/tasman-tides/rundirs/full-10/work
132004139.gadi-pbs
payu: warning: Job request includes 42 unused CPUs.
payu: warning: CPU request increased from 822 to 864
Loading input manifest: manifests/input.yaml
Loading restart manifest: manifests/restart.yaml
Loading exe manifest: manifests/exe.yaml
payu: Found modules in /opt/Modules/v4.3.0
qsub -q normal -P nm03 -l walltime=05:00:00 -l ncpus=864 -l mem=3456GB -l jobfs=10GB -N full-10 -l wd -j n -v PAYU_PATH=/g/data/hh5/public/apps/miniconda3/envs/analysis3-24.04/bin,PAYU_N_RUNS=1,MODULESHOME=/opt/Modules/v4.3.0,MODULES_CMD=/opt/Modules/v4.3.0/libexec/modulecmd.tcl,MODULEPATH=/g/data/hh5/public/modules:/etc/scl/modulefiles:/opt/Modules/modulefiles:/opt/Modules/v4.3.0/modulefiles:/apps/Modules/modulefiles -l storage=gdata/hh5+gdata/ik11+gdata/nm03+gdata/ua8+gdata/v45+gdata/x77+scratch/nm03 -- /g/data/hh5/public/apps/miniconda3/envs/analysis3-24.04/bin/python3.10 /g/data/hh5/public/apps/miniconda3/envs/analysis3-24.04/bin/payu-run

Wed Jan  8 16:24:46 AEDT 2025
Error not found: Segmentation fault: address not mapped to object
Error not found: Segmentation fault: invalid permissions for mapped object
Error not found: Transport retry count exceeded
Error not found: atmosphere/input.nml
Error not found: ORTE has lost communication with a remote daemon
Error not found: MPI_ERRORS_ARE_FATAL
Error not eligible for resubmission
Wed Jan  8 16:29:39 AEDT 2025
Error not found: Segmentation fault: address not mapped to object
Error not found: Segmentation fault: invalid permissions for mapped object
Error not found: Transport retry count exceeded
Error not found: atmosphere/input.nml
Error not found: ORTE has lost communication with a remote daemon
Error not found: MPI_ERRORS_ARE_FATAL
Error not eligible for resubmission
Wed Jan  8 16:36:50 AEDT 2025
Error found: Segmentation fault: address not mapped to object
Resubmission counter: 2
laboratory path:  /scratch/nm03/ab8992/mom6
binary path:  /scratch/nm03/ab8992/mom6/bin
input path:  /scratch/nm03/ab8992/mom6/input
work path:  /scratch/nm03/ab8992/mom6/work
archive path:  /scratch/nm03/ab8992/mom6/archive
Removing work path /scratch/nm03/ab8992/mom6/work/full-10
Removing symlink /home/149/ab8992/tasman-tides/rundirs/full-10/work
132004425.gadi-pbs
payu: warning: Job request includes 42 unused CPUs.
payu: warning: CPU request increased from 822 to 864
Loading input manifest: manifests/input.yaml
Loading restart manifest: manifests/restart.yaml
Loading exe manifest: manifests/exe.yaml
payu: Found modules in /opt/Modules/v4.3.0
qsub -q normal -P nm03 -l walltime=05:00:00 -l ncpus=864 -l mem=3456GB -l jobfs=10GB -N full-10 -l wd -j n -v PAYU_PATH=/g/data/hh5/public/apps/miniconda3/envs/analysis3-24.04/bin,PAYU_N_RUNS=1,MODULESHOME=/opt/Modules/v4.3.0,MODULES_CMD=/opt/Modules/v4.3.0/libexec/modulecmd.tcl,MODULEPATH=/g/data/hh5/public/modules:/etc/scl/modulefiles:/opt/Modules/modulefiles:/opt/Modules/v4.3.0/modulefiles:/apps/Modules/modulefiles -l storage=gdata/hh5+gdata/ik11+gdata/nm03+gdata/ua8+gdata/v45+gdata/x77+scratch/nm03 -- /g/data/hh5/public/apps/miniconda3/envs/analysis3-24.04/bin/python3.10 /g/data/hh5/public/apps/miniconda3/envs/analysis3-24.04/bin/payu-run

Wed Jan  8 16:37:31 AEDT 2025
Error not found: Segmentation fault: address not mapped to object
Error not found: Segmentation fault: invalid permissions for mapped object
Error not found: Transport retry count exceeded
Error not found: atmosphere/input.nml
Error not found: ORTE has lost communication with a remote daemon
Error not found: MPI_ERRORS_ARE_FATAL
Error not eligible for resubmission
Thu Jan  9 16:25:16 AEDT 2025
Error not found: Segmentation fault: address not mapped to object
Error not found: Segmentation fault: invalid permissions for mapped object
Error not found: Transport retry count exceeded
Error not found: atmosphere/input.nml
Error not found: ORTE has lost communication with a remote daemon
Error not found: MPI_ERRORS_ARE_FATAL
Error not eligible for resubmission
Sun Jan 12 00:20:25 AEDT 2025
Error not found: Segmentation fault: address not mapped to object
Error not found: Segmentation fault: invalid permissions for mapped object
Error not found: Transport retry count exceeded
Error not found: atmosphere/input.nml
Error not found: ORTE has lost communication with a remote daemon
Error not found: MPI_ERRORS_ARE_FATAL
Error not eligible for resubmission
