Fri Jan  3 16:38:14 AEDT 2025
Error not found: Segmentation fault: address not mapped to object
Error not found: Segmentation fault: invalid permissions for mapped object
Error not found: Transport retry count exceeded
Error not found: atmosphere/input.nml
Error not found: ORTE has lost communication with a remote daemon
Error not found: MPI_ERRORS_ARE_FATAL
Error not eligible for resubmission
Fri Jan  3 18:53:57 AEDT 2025
Error not found: Segmentation fault: address not mapped to object
Error not found: Segmentation fault: invalid permissions for mapped object
Error not found: Transport retry count exceeded
Error not found: atmosphere/input.nml
Error not found: ORTE has lost communication with a remote daemon
Error not found: MPI_ERRORS_ARE_FATAL
Error not eligible for resubmission
Fri Jan  3 21:39:37 AEDT 2025
Error not found: Segmentation fault: address not mapped to object
Error not found: Segmentation fault: invalid permissions for mapped object
Error not found: Transport retry count exceeded
Error not found: atmosphere/input.nml
Error not found: ORTE has lost communication with a remote daemon
Error not found: MPI_ERRORS_ARE_FATAL
Error not eligible for resubmission
Sat Jan  4 12:36:08 AEDT 2025
Error not found: Segmentation fault: address not mapped to object
Error not found: Segmentation fault: invalid permissions for mapped object
Error not found: Segmentation fault: address not mapped to object at address
Error not found: Transport retry count exceeded
Error not found: atmosphere/input.nml
Error not found: ORTE has lost communication with a remote daemon
Error not found: MPI_ERRORS_ARE_FATAL
Error not eligible for resubmission
Mon Jan  6 14:28:54 AEDT 2025
Error not found: Segmentation fault: address not mapped to object
Error not found: Segmentation fault: invalid permissions for mapped object
Error not found: Segmentation fault: address not mapped to object at address
Error not found: Transport retry count exceeded
Error not found: atmosphere/input.nml
Error not found: ORTE has lost communication with a remote daemon
Error not found: MPI_ERRORS_ARE_FATAL
Error not eligible for resubmission
Mon Jan  6 23:34:03 AEDT 2025
Error not found: Segmentation fault: address not mapped to object
Error not found: Segmentation fault: invalid permissions for mapped object
Error not found: Segmentation fault: address not mapped to object at address
Error not found: Transport retry count exceeded
Error not found: atmosphere/input.nml
Error not found: ORTE has lost communication with a remote daemon
Error not found: MPI_ERRORS_ARE_FATAL
Error not eligible for resubmission
