Sun Mar 10 11:35:15 AEDT 2024
Error not found: Segmentation fault: address not mapped to object
Error not found: Segmentation fault: invalid permissions for mapped object
Error not found: Transport retry count exceeded
Error not found: atmosphere/input.nml
Error not found: ORTE has lost communication with a remote daemon
Error not found: MPI_ERRORS_ARE_FATAL
Error not eligible for resubmission
Sun Mar 10 12:27:24 AEDT 2024
Error not found: Segmentation fault: address not mapped to object
Error not found: Segmentation fault: invalid permissions for mapped object
Error not found: Transport retry count exceeded
Error not found: atmosphere/input.nml
Error not found: ORTE has lost communication with a remote daemon
Error not found: MPI_ERRORS_ARE_FATAL
Error not eligible for resubmission
Thu Mar 14 22:39:02 AEDT 2024
Error not found: Segmentation fault: address not mapped to object
Error not found: Segmentation fault: invalid permissions for mapped object
Error not found: Transport retry count exceeded
Error not found: atmosphere/input.nml
Error not found: ORTE has lost communication with a remote daemon
Error not found: MPI_ERRORS_ARE_FATAL
Error not eligible for resubmission
